<?xml version="1.0" encoding="UTF-8"?>
<!-- Generated by org.testng.reporters.JUnitXMLReporter -->
<testsuite ignored="2" hostname="hp" failures="0" tests="2" name="Test" time="35.495" errors="0" timestamp="2024-10-18T21:47:35 IST">
  <testcase classname="testclasses.Login" name="VerifyInvalidLogin" time="5.95"/>
  <testcase classname="testclasses.ResgisterTest" name="NewRegistration" time="8.863"/>
  <testcase classname="utillity.BaseTest" name="@BeforeTest Initialize" time="0.0">
    <ignored/>
  </testcase> <!-- @BeforeTest Initialize -->
  <testcase classname="utillity.BaseTest" name="@AfterTest cleanup" time="0.0">
    <ignored/>
  </testcase> <!-- @AfterTest cleanup -->
</testsuite> <!-- Test -->
