<?xml version="1.0" encoding="UTF-8"?>
<testng-results ignored="0" total="1" passed="1" failed="0" skipped="0">
  <reporter-output>
  </reporter-output>
  <suite started-at="2024-10-12T17:14:44 IST" name="Default suite" finished-at="2024-10-12T17:15:08 IST" duration-ms="24807">
    <groups>
    </groups>
    <test started-at="2024-10-12T17:14:44 IST" name="Default test" finished-at="2024-10-12T17:15:08 IST" duration-ms="24807">
      <class name="testclasses.ResgisterTest">
        <test-method is-config="true" signature="Initialize()[pri:0, instance:testclasses.ResgisterTest@f09733f]" started-at="2024-10-12T17:14:44 IST" name="Initialize" finished-at="2024-10-12T17:15:00 IST" duration-ms="16284" status="PASS">
          <reporter-output>
          </reporter-output>
        </test-method> <!-- Initialize -->
        <test-method signature="NewRegistration()[pri:0, instance:testclasses.ResgisterTest@f09733f]" started-at="2024-10-12T17:15:00 IST" name="NewRegistration" finished-at="2024-10-12T17:15:08 IST" duration-ms="8409" status="PASS">
          <reporter-output>
          </reporter-output>
        </test-method> <!-- NewRegistration -->
        <test-method is-config="true" signature="cleanup()[pri:0, instance:testclasses.ResgisterTest@f09733f]" started-at="2024-10-12T17:15:08 IST" name="cleanup" finished-at="2024-10-12T17:15:08 IST" duration-ms="1" status="PASS">
          <reporter-output>
          </reporter-output>
        </test-method> <!-- cleanup -->
      </class> <!-- testclasses.ResgisterTest -->
    </test> <!-- Default test -->
  </suite> <!-- Default suite -->
</testng-results>
