<?xml version="1.0" encoding="UTF-8"?>
<testng-results ignored="2" total="4" passed="2" failed="0" skipped="0">
  <reporter-output>
  </reporter-output>
  <suite started-at="2024-10-18T21:46:59 IST" name="Suite" finished-at="2024-10-18T21:47:34 IST" duration-ms="35495">
    <groups>
    </groups>
    <test started-at="2024-10-18T21:46:59 IST" name="Test" finished-at="2024-10-18T21:47:34 IST" duration-ms="35495">
      <class name="testclasses.Login">
        <test-method is-config="true" signature="Initialize()[pri:0, instance:testclasses.Login@51c693d]" started-at="2024-10-18T21:46:59 IST" name="Initialize" finished-at="2024-10-18T21:47:14 IST" duration-ms="15100" status="PASS">
          <reporter-output>
          </reporter-output>
        </test-method> <!-- Initialize -->
        <test-method signature="VerifyInvalidLogin()[pri:0, instance:testclasses.Login@51c693d]" started-at="2024-10-18T21:47:14 IST" name="VerifyInvalidLogin" finished-at="2024-10-18T21:47:20 IST" duration-ms="5950" status="PASS">
          <reporter-output>
          </reporter-output>
        </test-method> <!-- VerifyInvalidLogin -->
        <test-method is-config="true" signature="cleanup()[pri:0, instance:testclasses.Login@51c693d]" started-at="2024-10-18T21:47:29 IST" name="cleanup" finished-at="2024-10-18T21:47:34 IST" duration-ms="5492" status="PASS">
          <reporter-output>
          </reporter-output>
        </test-method> <!-- cleanup -->
      </class> <!-- testclasses.Login -->
      <class name="testclasses.ResgisterTest">
        <test-method signature="NewRegistration()[pri:0, instance:testclasses.ResgisterTest@1f81aa00]" started-at="2024-10-18T21:47:20 IST" name="NewRegistration" finished-at="2024-10-18T21:47:29 IST" duration-ms="8863" status="PASS">
          <reporter-output>
          </reporter-output>
        </test-method> <!-- NewRegistration -->
      </class> <!-- testclasses.ResgisterTest -->
    </test> <!-- Test -->
  </suite> <!-- Suite -->
</testng-results>
